<?xml version="1.0" encoding="UTF-8"?>
<!-- Generated by org.testng.reporters.JUnitXMLReporter -->
<testsuite hostname="DESKTOP-87KAK3K" name="Test" tests="1" failures="0" timestamp="11 Jan 2024 13:05:03 GMT" time="0.023" errors="0">
  <testcase name="@BeforeTest beforeTest" time="0.0" classname="com.risefairsketch.ThiKetThucModule2">
    <failure type="org.testng.TestNGException" message="
Parameter &amp;apos;browser&amp;apos; is required by @Configuration on method beforeTest but has not been marked @Optional or defined
in F:\workplace\C1023L1_KetThucModule2_PLAnhQuan\resources\runTestcases.xml">
      <![CDATA[org.testng.TestNGException: 
Parameter 'browser' is required by @Configuration on method beforeTest but has not been marked @Optional or defined
in F:\workplace\C1023L1_KetThucModule2_PLAnhQuan\resources\runTestcases.xml
... Removed 19 stack frames]]>
    </failure>
  </testcase> <!-- @BeforeTest beforeTest -->
  <testcase name="@AfterTest afterTest" time="0.0" classname="com.risefairsketch.ThiKetThucModule2">
    <skipped/>
  </testcase> <!-- @AfterTest afterTest -->
  <testcase name="TC01_LoginWithAdminAccount" time="0.004" classname="com.risefairsketch.ThiKetThucModule2">
    <skipped/>
  </testcase> <!-- TC01_LoginWithAdminAccount -->
</testsuite> <!-- Test -->
